<?xml version="1.0" encoding="utf-8"?>
<test-run id="2" testcasecount="18" result="Passed" total="18" passed="18" failed="0" inconclusive="0" skipped="0" asserts="0" engine-version="3.5.0.0" clr-version="4.0.30319.42000" start-time="2026-09-08 07:45:58Z" end-time="2026-09-08 07:46:04Z" duration="5.6502708">
  <test-suite type="TestSuite" id="1000" name="VRLearn" fullname="VRLearn" runstate="Runnable" testcasecount="18" result="Passed" start-time="2026-09-08 07:45:58Z" end-time="2026-09-08 07:46:04Z" duration="5.650271" total="18" passed="18" failed="0" inconclusive="0" skipped="0" asserts="0">
    <properties>
      <property name="platform" value="EditMode" />
    </properties>
    <test-suite type="Assembly" id="1032" name="VRLearn.EditModeTests.dll" fullname="/Users/xinyu/VRLearn/Library/ScriptAssemblies/VRLearn.EditModeTests.dll" runstate="Runnable" testcasecount="18" result="Passed" start-time="2026-09-08 07:45:58Z" end-time="2026-09-08 07:46:04Z" duration="5.636335" total="18" passed="18" failed="0" inconclusive="0" skipped="0" asserts="0">
      <properties>
        <property name="_PID" value="34510" />
        <property name="_APPDOMAIN" value="Unity Child Domain" />
        <property name="platform" value="EditMode" />
        <property name="EditorOnly" value="True" />
      </properties>
      <test-suite type="TestSuite" id="1033" name="VRLearn" fullname="VRLearn" runstate="Runnable" testcasecount="18" result="Passed" start-time="2026-09-08 07:45:58Z" end-time="2026-09-08 07:46:04Z" duration="5.635215" total="18" passed="18" failed="0" inconclusive="0" skipped="0" asserts="0">
        <properties />
        <test-suite type="TestSuite" id="1034" name="Tests" fullname="VRLearn.Tests" runstate="Runnable" testcasecount="18" result="Passed" start-time="2026-09-08 07:45:58Z" end-time="2026-09-08 07:46:04Z" duration="5.634614" total="18" passed="18" failed="0" inconclusive="0" skipped="0" asserts="0">
          <properties />
          <test-suite type="TestSuite" id="1035" name="EditMode" fullname="VRLearn.Tests.EditMode" runstate="Runnable" testcasecount="18" result="Passed" start-time="2026-09-08 07:45:58Z" end-time="2026-09-08 07:46:04Z" duration="5.633946" total="18" passed="18" failed="0" inconclusive="0" skipped="0" asserts="0">
            <properties />
            <test-suite type="TestFixture" id="1008" name="AccidentRecordingTests" fullname="VRLearn.Tests.EditMode.AccidentRecordingTests" classname="VRLearn.Tests.EditMode.AccidentRecordingTests" runstate="Runnable" testcasecount="8" result="Passed" start-time="2026-09-08 07:45:58Z" end-time="2026-09-08 07:45:58Z" duration="0.153435" total="8" passed="8" failed="0" inconclusive="0" skipped="0" asserts="0">
              <properties />
              <test-case id="1012" name="HistoryKeepsNewestSamplesAndInterpolatesWithoutChangingSource" fullname="VRLearn.Tests.EditMode.AccidentRecordingTests.HistoryKeepsNewestSamplesAndInterpolatesWithoutChangingSource" methodname="HistoryKeepsNewestSamplesAndInterpolatesWithoutChangingSource" classname="VRLearn.Tests.EditMode.AccidentRecordingTests" runstate="Runnable" seed="1950918198" result="Passed" start-time="2026-09-08 07:45:58Z" end-time="2026-09-08 07:45:58Z" duration="0.036846" asserts="0">
                <properties>
                  <property name="retryIteration" value="0" />
                  <property name="repeatIteration" value="0" />
                </properties>
              </test-case>
              <test-suite type="ParameterizedMethod" id="1017" name="InvisibleVehicleHelpersDoNotRenderOrReflectLight" fullname="VRLearn.Tests.EditMode.AccidentRecordingTests.InvisibleVehicleHelpersDoNotRenderOrReflectLight" classname="VRLearn.Tests.EditMode.AccidentRecordingTests" runstate="Runnable" testcasecount="4" result="Passed" start-time="2026-09-08 07:45:58Z" end-time="2026-09-08 07:45:58Z" duration="0.085410" total="4" passed="4" failed="0" inconclusive="0" skipped="0" asserts="0">
                <properties />
                <test-case id="1013" name="InvisibleVehicleHelpersDoNotRenderOrReflectLight(&quot;Car_EndlessGo&quot;)" fullname="VRLearn.Tests.EditMode.AccidentRecordingTests.InvisibleVehicleHelpersDoNotRenderOrReflectLight(&quot;Car_EndlessGo&quot;)" methodname="InvisibleVehicleHelpersDoNotRenderOrReflectLight" classname="VRLearn.Tests.EditMode.AccidentRecordingTests" runstate="Runnable" seed="960368501" result="Passed" start-time="2026-09-08 07:45:58Z" end-time="2026-09-08 07:45:58Z" duration="0.068100" asserts="0">
                  <properties>
                    <property name="retryIteration" value="0" />
                    <property name="repeatIteration" value="0" />
                  </properties>
                </test-case>
                <test-case id="1014" name="InvisibleVehicleHelpersDoNotRenderOrReflectLight(&quot;Car_Left&quot;)" fullname="VRLearn.Tests.EditMode.AccidentRecordingTests.InvisibleVehicleHelpersDoNotRenderOrReflectLight(&quot;Car_Left&quot;)" methodname="InvisibleVehicleHelpersDoNotRenderOrReflectLight" classname="VRLearn.Tests.EditMode.AccidentRecordingTests" runstate="Runnable" seed="1226135133" result="Passed" start-time="2026-09-08 07:45:58Z" end-time="2026-09-08 07:45:58Z" duration="0.004503" asserts="0">
                  <properties>
                    <property name="retryIteration" value="0" />
                    <property name="repeatIteration" value="0" />
                  </properties>
                </test-case>
                <test-case id="1015" name="InvisibleVehicleHelpersDoNotRenderOrReflectLight(&quot;Car_Right&quot;)" fullname="VRLearn.Tests.EditMode.AccidentRecordingTests.InvisibleVehicleHelpersDoNotRenderOrReflectLight(&quot;Car_Right&quot;)" methodname="InvisibleVehicleHelpersDoNotRenderOrReflectLight" classname="VRLearn.Tests.EditMode.AccidentRecordingTests" runstate="Runnable" seed="1862746271" result="Passed" start-time="2026-09-08 07:45:58Z" end-time="2026-09-08 07:45:58Z" duration="0.004100" asserts="0">
                  <properties>
                    <property name="retryIteration" value="0" />
                    <property name="repeatIteration" value="0" />
                  </properties>
                </test-case>
                <test-case id="1016" name="InvisibleVehicleHelpersDoNotRenderOrReflectLight(&quot;Car_SideHit&quot;)" fullname="VRLearn.Tests.EditMode.AccidentRecordingTests.InvisibleVehicleHelpersDoNotRenderOrReflectLight(&quot;Car_SideHit&quot;)" methodname="InvisibleVehicleHelpersDoNotRenderOrReflectLight" classname="VRLearn.Tests.EditMode.AccidentRecordingTests" runstate="Runnable" seed="1087285893" result="Passed" start-time="2026-09-08 07:45:58Z" end-time="2026-09-08 07:45:58Z" duration="0.003961" asserts="0">
                  <properties>
                    <property name="retryIteration" value="0" />
                    <property name="repeatIteration" value="0" />
                  </properties>
                </test-case>
              </test-suite>
              <test-suite type="ParameterizedMethod" id="1011" name="StationaryContactDoesNotInventImpactEnergy" fullname="VRLearn.Tests.EditMode.AccidentRecordingTests.StationaryContactDoesNotInventImpactEnergy" classname="VRLearn.Tests.EditMode.AccidentRecordingTests" runstate="Runnable" testcasecount="2" result="Passed" start-time="2026-09-08 07:45:58Z" end-time="2026-09-08 07:45:58Z" duration="0.003782" total="2" passed="2" failed="0" inconclusive="0" skipped="0" asserts="0">
                <properties />
                <test-case id="1009" name="StationaryContactDoesNotInventImpactEnergy(0.0f)" fullname="VRLearn.Tests.EditMode.AccidentRecordingTests.StationaryContactDoesNotInventImpactEnergy(0.0f)" methodname="StationaryContactDoesNotInventImpactEnergy" classname="VRLearn.Tests.EditMode.AccidentRecordingTests" runstate="Runnable" seed="1323214133" result="Passed" start-time="2026-09-08 07:45:58Z" end-time="2026-09-08 07:45:58Z" duration="0.002290" asserts="0">
                  <properties>
                    <property name="retryIteration" value="0" />
                    <property name="repeatIteration" value="0" />
                  </properties>
                </test-case>
                <test-case id="1010" name="StationaryContactDoesNotInventImpactEnergy(-5.0f)" fullname="VRLearn.Tests.EditMode.AccidentRecordingTests.StationaryContactDoesNotInventImpactEnergy(-5.0f)" methodname="StationaryContactDoesNotInventImpactEnergy" classname="VRLearn.Tests.EditMode.AccidentRecordingTests" runstate="Runnable" seed="428064355" result="Passed" start-time="2026-09-08 07:45:58Z" end-time="2026-09-08 07:45:58Z" duration="0.000235" asserts="0">
                  <properties>
                    <property name="retryIteration" value="0" />
                    <property name="repeatIteration" value="0" />
                  </properties>
                </test-case>
              </test-suite>
              <test-case id="1018" name="TeleportDiscardsDiscontinuousHistory" fullname="VRLearn.Tests.EditMode.AccidentRecordingTests.TeleportDiscardsDiscontinuousHistory" methodname="TeleportDiscardsDiscontinuousHistory" classname="VRLearn.Tests.EditMode.AccidentRecordingTests" runstate="Runnable" seed="721570045" result="Passed" start-time="2026-09-08 07:45:58Z" end-time="2026-09-08 07:45:58Z" duration="0.001016" asserts="0">
                <properties>
                  <property name="retryIteration" value="0" />
                  <property name="repeatIteration" value="0" />
                </properties>
              </test-case>
            </test-suite>
            <test-suite type="TestFixture" id="1019" name="MetaSceneConfigurationTests" fullname="VRLearn.Tests.EditMode.MetaSceneConfigurationTests" classname="VRLearn.Tests.EditMode.MetaSceneConfigurationTests" runstate="Runnable" testcasecount="10" result="Passed" start-time="2026-09-08 07:45:58Z" end-time="2026-09-08 07:46:04Z" duration="5.478681" total="10" passed="10" failed="0" inconclusive="0" skipped="0" asserts="0">
              <properties />
              <test-case id="1021" name="BuildSettingsUseMetaTitleThenGameplay" fullname="VRLearn.Tests.EditMode.MetaSceneConfigurationTests.BuildSettingsUseMetaTitleThenGameplay" methodname="BuildSettingsUseMetaTitleThenGameplay" classname="VRLearn.Tests.EditMode.MetaSceneConfigurationTests" runstate="Runnable" seed="1955671987" result="Passed" start-time="2026-09-08 07:45:58Z" end-time="2026-09-08 07:45:58Z" duration="0.001658" asserts="0">
                <properties>
                  <property name="retryIteration" value="0" />
                  <property name="repeatIteration" value="0" />
                </properties>
              </test-case>
              <test-case id="1026" name="GameplaySceneHasCompleteScenarioVehicleAndRouteBindings" fullname="VRLearn.Tests.EditMode.MetaSceneConfigurationTests.GameplaySceneHasCompleteScenarioVehicleAndRouteBindings" methodname="GameplaySceneHasCompleteScenarioVehicleAndRouteBindings" classname="VRLearn.Tests.EditMode.MetaSceneConfigurationTests" runstate="Runnable" seed="2010072052" result="Passed" start-time="2026-09-08 07:45:58Z" end-time="2026-09-08 07:46:02Z" duration="3.900934" asserts="0">
                <properties>
                  <property name="retryIteration" value="0" />
                  <property name="repeatIteration" value="0" />
                </properties>
              </test-case>
              <test-suite type="ParameterizedMethod" id="1025" name="MetaScenesHaveNoMissingScriptsOrDuplicateCoreObjects" fullname="VRLearn.Tests.EditMode.MetaSceneConfigurationTests.MetaScenesHaveNoMissingScriptsOrDuplicateCoreObjects" classname="VRLearn.Tests.EditMode.MetaSceneConfigurationTests" runstate="Runnable" testcasecount="2" result="Passed" start-time="2026-09-08 07:46:02Z" end-time="2026-09-08 07:46:04Z" duration="1.541175" total="2" passed="2" failed="0" inconclusive="0" skipped="0" asserts="0">
                <properties />
                <test-case id="1023" name="MetaScenesHaveNoMissingScriptsOrDuplicateCoreObjects(&quot;Assets/_Project/Scenes/TraficAcidentTitle_Meta.unity&quot;)" fullname="VRLearn.Tests.EditMode.MetaSceneConfigurationTests.MetaScenesHaveNoMissingScriptsOrDuplicateCoreObjects(&quot;Assets/_Project/Scenes/TraficAcidentTitle_Meta.unity&quot;)" methodname="MetaScenesHaveNoMissingScriptsOrDuplicateCoreObjects" classname="VRLearn.Tests.EditMode.MetaSceneConfigurationTests" runstate="Runnable" seed="857382573" result="Passed" start-time="2026-09-08 07:46:02Z" end-time="2026-09-08 07:46:03Z" duration="0.694235" asserts="0">
                  <properties>
                    <property name="retryIteration" value="0" />
                    <property name="repeatIteration" value="0" />
                  </properties>
                </test-case>
                <test-case id="1024" name="MetaScenesHaveNoMissingScriptsOrDuplicateCoreObjects(&quot;Assets/_Project/Scenes/TraficAcident_Meta.unity&quot;)" fullname="VRLearn.Tests.EditMode.MetaSceneConfigurationTests.MetaScenesHaveNoMissingScriptsOrDuplicateCoreObjects(&quot;Assets/_Project/Scenes/TraficAcident_Meta.unity&quot;)" methodname="MetaScenesHaveNoMissingScriptsOrDuplicateCoreObjects" classname="VRLearn.Tests.EditMode.MetaSceneConfigurationTests" runstate="Runnable" seed="61790297" result="Passed" start-time="2026-09-08 07:46:03Z" end-time="2026-09-08 07:46:04Z" duration="0.795957" asserts="0">
                  <properties>
                    <property name="retryIteration" value="0" />
                    <property name="repeatIteration" value="0" />
                  </properties>
                </test-case>
              </test-suite>
              <test-case id="1022" name="ScenarioAssetsAreCompleteUniqueAndContinuous" fullname="VRLearn.Tests.EditMode.MetaSceneConfigurationTests.ScenarioAssetsAreCompleteUniqueAndContinuous" methodname="ScenarioAssetsAreCompleteUniqueAndContinuous" classname="VRLearn.Tests.EditMode.MetaSceneConfigurationTests" runstate="Runnable" seed="1162813493" result="Passed" start-time="2026-09-08 07:46:04Z" end-time="2026-09-08 07:46:04Z" duration="0.005592" asserts="0">
                <properties>
                  <property name="retryIteration" value="0" />
                  <property name="repeatIteration" value="0" />
                </properties>
              </test-case>
              <test-case id="1020" name="VehiclePersonImpulseRespectsMassAndMomentum" fullname="VRLearn.Tests.EditMode.MetaSceneConfigurationTests.VehiclePersonImpulseRespectsMassAndMomentum" methodname="VehiclePersonImpulseRespectsMassAndMomentum" classname="VRLearn.Tests.EditMode.MetaSceneConfigurationTests" runstate="Runnable" seed="1040232547" result="Passed" start-time="2026-09-08 07:46:04Z" end-time="2026-09-08 07:46:04Z" duration="0.001624" asserts="0">
                <properties>
                  <property name="retryIteration" value="0" />
                  <property name="repeatIteration" value="0" />
                </properties>
              </test-case>
              <test-suite type="ParameterizedMethod" id="1031" name="VehiclePrefabsHaveControllerAndNoMissingScripts" fullname="VRLearn.Tests.EditMode.MetaSceneConfigurationTests.VehiclePrefabsHaveControllerAndNoMissingScripts" classname="VRLearn.Tests.EditMode.MetaSceneConfigurationTests" runstate="Runnable" testcasecount="4" result="Passed" start-time="2026-09-08 07:46:04Z" end-time="2026-09-08 07:46:04Z" duration="0.024711" total="4" passed="4" failed="0" inconclusive="0" skipped="0" asserts="0">
                <properties />
                <test-case id="1027" name="VehiclePrefabsHaveControllerAndNoMissingScripts(&quot;Car_EndlessGo&quot;)" fullname="VRLearn.Tests.EditMode.MetaSceneConfigurationTests.VehiclePrefabsHaveControllerAndNoMissingScripts(&quot;Car_EndlessGo&quot;)" methodname="VehiclePrefabsHaveControllerAndNoMissingScripts" classname="VRLearn.Tests.EditMode.MetaSceneConfigurationTests" runstate="Runnable" seed="1606586678" result="Passed" start-time="2026-09-08 07:46:04Z" end-time="2026-09-08 07:46:04Z" duration="0.000984" asserts="0">
                  <properties>
                    <property name="retryIteration" value="0" />
                    <property name="repeatIteration" value="0" />
                  </properties>
                </test-case>
                <test-case id="1028" name="VehiclePrefabsHaveControllerAndNoMissingScripts(&quot;Car_Left&quot;)" fullname="VRLearn.Tests.EditMode.MetaSceneConfigurationTests.VehiclePrefabsHaveControllerAndNoMissingScripts(&quot;Car_Left&quot;)" methodname="VehiclePrefabsHaveControllerAndNoMissingScripts" classname="VRLearn.Tests.EditMode.MetaSceneConfigurationTests" runstate="Runnable" seed="2028376953" result="Passed" start-time="2026-09-08 07:46:04Z" end-time="2026-09-08 07:46:04Z" duration="0.000414" asserts="0">
                  <properties>
                    <property name="retryIteration" value="0" />
                    <property name="repeatIteration" value="0" />
                  </properties>
                </test-case>
                <test-case id="1029" name="VehiclePrefabsHaveControllerAndNoMissingScripts(&quot;Car_Right&quot;)" fullname="VRLearn.Tests.EditMode.MetaSceneConfigurationTests.VehiclePrefabsHaveControllerAndNoMissingScripts(&quot;Car_Right&quot;)" methodname="VehiclePrefabsHaveControllerAndNoMissingScripts" classname="VRLearn.Tests.EditMode.MetaSceneConfigurationTests" runstate="Runnable" seed="1635275221" result="Passed" start-time="2026-09-08 07:46:04Z" end-time="2026-09-08 07:46:04Z" duration="0.000391" asserts="0">
                  <properties>
                    <property name="retryIteration" value="0" />
                    <property name="repeatIteration" value="0" />
                  </properties>
                </test-case>
                <test-case id="1030" name="VehiclePrefabsHaveControllerAndNoMissingScripts(&quot;Car_SideHit&quot;)" fullname="VRLearn.Tests.EditMode.MetaSceneConfigurationTests.VehiclePrefabsHaveControllerAndNoMissingScripts(&quot;Car_SideHit&quot;)" methodname="VehiclePrefabsHaveControllerAndNoMissingScripts" classname="VRLearn.Tests.EditMode.MetaSceneConfigurationTests" runstate="Runnable" seed="1777129049" result="Passed" start-time="2026-09-08 07:46:04Z" end-time="2026-09-08 07:46:04Z" duration="0.000382" asserts="0">
                  <properties>
                    <property name="retryIteration" value="0" />
                    <property name="repeatIteration" value="0" />
                  </properties>
                  <output><![CDATA[Saving results to: /Users/xinyu/Library/Application Support/DefaultCompany/VRLearn/TestResults.xml
]]></output>
                </test-case>
              </test-suite>
            </test-suite>
          </test-suite>
        </test-suite>
      </test-suite>
    </test-suite>
  </test-suite>
</test-run>