<?xml version="1.0" encoding="utf-8"?>
<test-run id="2" testcasecount="18" result="Passed" total="18" passed="18" failed="0" inconclusive="0" skipped="0" asserts="0" engine-version="3.5.0.0" clr-version="4.0.30319.42000" start-time="2026-09-08 08:57:23Z" end-time="2026-09-08 08:57:27Z" duration="3.7653077">
  <test-suite type="TestSuite" id="1000" name="VRLearn" fullname="VRLearn" runstate="Runnable" testcasecount="18" result="Passed" start-time="2026-09-08 08:57:23Z" end-time="2026-09-08 08:57:27Z" duration="3.765308" total="18" passed="18" failed="0" inconclusive="0" skipped="0" asserts="0">
    <properties>
      <property name="platform" value="EditMode" />
    </properties>
    <test-suite type="Assembly" id="1032" name="VRLearn.EditModeTests.dll" fullname="/Users/xinyu/VRLearn/Library/ScriptAssemblies/VRLearn.EditModeTests.dll" runstate="Runnable" testcasecount="18" result="Passed" start-time="2026-09-08 08:57:24Z" end-time="2026-09-08 08:57:27Z" duration="3.750152" total="18" passed="18" failed="0" inconclusive="0" skipped="0" asserts="0">
      <properties>
        <property name="_PID" value="42391" />
        <property name="_APPDOMAIN" value="Unity Child Domain" />
        <property name="platform" value="EditMode" />
        <property name="EditorOnly" value="True" />
      </properties>
      <test-suite type="TestSuite" id="1033" name="VRLearn" fullname="VRLearn" runstate="Runnable" testcasecount="18" result="Passed" start-time="2026-09-08 08:57:24Z" end-time="2026-09-08 08:57:27Z" duration="3.749092" total="18" passed="18" failed="0" inconclusive="0" skipped="0" asserts="0">
        <properties />
        <test-suite type="TestSuite" id="1034" name="Tests" fullname="VRLearn.Tests" runstate="Runnable" testcasecount="18" result="Passed" start-time="2026-09-08 08:57:24Z" end-time="2026-09-08 08:57:27Z" duration="3.748539" total="18" passed="18" failed="0" inconclusive="0" skipped="0" asserts="0">
          <properties />
          <test-suite type="TestSuite" id="1035" name="EditMode" fullname="VRLearn.Tests.EditMode" runstate="Runnable" testcasecount="18" result="Passed" start-time="2026-09-08 08:57:24Z" end-time="2026-09-08 08:57:27Z" duration="3.747687" total="18" passed="18" failed="0" inconclusive="0" skipped="0" asserts="0">
            <properties />
            <test-suite type="TestFixture" id="1008" name="AccidentRecordingTests" fullname="VRLearn.Tests.EditMode.AccidentRecordingTests" classname="VRLearn.Tests.EditMode.AccidentRecordingTests" runstate="Runnable" testcasecount="8" result="Passed" start-time="2026-09-08 08:57:24Z" end-time="2026-09-08 08:57:24Z" duration="0.129038" total="8" passed="8" failed="0" inconclusive="0" skipped="0" asserts="0">
              <properties />
              <test-case id="1012" name="HistoryKeepsNewestSamplesAndInterpolatesWithoutChangingSource" fullname="VRLearn.Tests.EditMode.AccidentRecordingTests.HistoryKeepsNewestSamplesAndInterpolatesWithoutChangingSource" methodname="HistoryKeepsNewestSamplesAndInterpolatesWithoutChangingSource" classname="VRLearn.Tests.EditMode.AccidentRecordingTests" runstate="Runnable" seed="717525821" result="Passed" start-time="2026-09-08 08:57:24Z" end-time="2026-09-08 08:57:24Z" duration="0.038993" asserts="0">
                <properties>
                  <property name="retryIteration" value="0" />
                  <property name="repeatIteration" value="0" />
                </properties>
              </test-case>
              <test-suite type="ParameterizedMethod" id="1017" name="InvisibleVehicleHelpersDoNotRenderOrReflectLight" fullname="VRLearn.Tests.EditMode.AccidentRecordingTests.InvisibleVehicleHelpersDoNotRenderOrReflectLight" classname="VRLearn.Tests.EditMode.AccidentRecordingTests" runstate="Runnable" testcasecount="4" result="Passed" start-time="2026-09-08 08:57:24Z" end-time="2026-09-08 08:57:24Z" duration="0.056788" total="4" passed="4" failed="0" inconclusive="0" skipped="0" asserts="0">
                <properties />
                <test-case id="1013" name="InvisibleVehicleHelpersDoNotRenderOrReflectLight(&quot;Car_EndlessGo&quot;)" fullname="VRLearn.Tests.EditMode.AccidentRecordingTests.InvisibleVehicleHelpersDoNotRenderOrReflectLight(&quot;Car_EndlessGo&quot;)" methodname="InvisibleVehicleHelpersDoNotRenderOrReflectLight" classname="VRLearn.Tests.EditMode.AccidentRecordingTests" runstate="Runnable" seed="638709027" result="Passed" start-time="2026-09-08 08:57:24Z" end-time="2026-09-08 08:57:24Z" duration="0.039498" asserts="0">
                  <properties>
                    <property name="retryIteration" value="0" />
                    <property name="repeatIteration" value="0" />
                  </properties>
                </test-case>
                <test-case id="1014" name="InvisibleVehicleHelpersDoNotRenderOrReflectLight(&quot;Car_Left&quot;)" fullname="VRLearn.Tests.EditMode.AccidentRecordingTests.InvisibleVehicleHelpersDoNotRenderOrReflectLight(&quot;Car_Left&quot;)" methodname="InvisibleVehicleHelpersDoNotRenderOrReflectLight" classname="VRLearn.Tests.EditMode.AccidentRecordingTests" runstate="Runnable" seed="724671119" result="Passed" start-time="2026-09-08 08:57:24Z" end-time="2026-09-08 08:57:24Z" duration="0.004160" asserts="0">
                  <properties>
                    <property name="retryIteration" value="0" />
                    <property name="repeatIteration" value="0" />
                  </properties>
                </test-case>
                <test-case id="1015" name="InvisibleVehicleHelpersDoNotRenderOrReflectLight(&quot;Car_Right&quot;)" fullname="VRLearn.Tests.EditMode.AccidentRecordingTests.InvisibleVehicleHelpersDoNotRenderOrReflectLight(&quot;Car_Right&quot;)" methodname="InvisibleVehicleHelpersDoNotRenderOrReflectLight" classname="VRLearn.Tests.EditMode.AccidentRecordingTests" runstate="Runnable" seed="149925506" result="Passed" start-time="2026-09-08 08:57:24Z" end-time="2026-09-08 08:57:24Z" duration="0.004450" asserts="0">
                  <properties>
                    <property name="retryIteration" value="0" />
                    <property name="repeatIteration" value="0" />
                  </properties>
                </test-case>
                <test-case id="1016" name="InvisibleVehicleHelpersDoNotRenderOrReflectLight(&quot;Car_SideHit&quot;)" fullname="VRLearn.Tests.EditMode.AccidentRecordingTests.InvisibleVehicleHelpersDoNotRenderOrReflectLight(&quot;Car_SideHit&quot;)" methodname="InvisibleVehicleHelpersDoNotRenderOrReflectLight" classname="VRLearn.Tests.EditMode.AccidentRecordingTests" runstate="Runnable" seed="2074003654" result="Passed" start-time="2026-09-08 08:57:24Z" end-time="2026-09-08 08:57:24Z" duration="0.003842" asserts="0">
                  <properties>
                    <property name="retryIteration" value="0" />
                    <property name="repeatIteration" value="0" />
                  </properties>
                </test-case>
              </test-suite>
              <test-suite type="ParameterizedMethod" id="1011" name="StationaryContactDoesNotInventImpactEnergy" fullname="VRLearn.Tests.EditMode.AccidentRecordingTests.StationaryContactDoesNotInventImpactEnergy" classname="VRLearn.Tests.EditMode.AccidentRecordingTests" runstate="Runnable" testcasecount="2" result="Passed" start-time="2026-09-08 08:57:24Z" end-time="2026-09-08 08:57:24Z" duration="0.003702" total="2" passed="2" failed="0" inconclusive="0" skipped="0" asserts="0">
                <properties />
                <test-case id="1009" name="StationaryContactDoesNotInventImpactEnergy(0.0f)" fullname="VRLearn.Tests.EditMode.AccidentRecordingTests.StationaryContactDoesNotInventImpactEnergy(0.0f)" methodname="StationaryContactDoesNotInventImpactEnergy" classname="VRLearn.Tests.EditMode.AccidentRecordingTests" runstate="Runnable" seed="483637000" result="Passed" start-time="2026-09-08 08:57:24Z" end-time="2026-09-08 08:57:24Z" duration="0.002427" asserts="0">
                  <properties>
                    <property name="retryIteration" value="0" />
                    <property name="repeatIteration" value="0" />
                  </properties>
                </test-case>
                <test-case id="1010" name="StationaryContactDoesNotInventImpactEnergy(-5.0f)" fullname="VRLearn.Tests.EditMode.AccidentRecordingTests.StationaryContactDoesNotInventImpactEnergy(-5.0f)" methodname="StationaryContactDoesNotInventImpactEnergy" classname="VRLearn.Tests.EditMode.AccidentRecordingTests" runstate="Runnable" seed="1495761937" result="Passed" start-time="2026-09-08 08:57:24Z" end-time="2026-09-08 08:57:24Z" duration="0.000210" asserts="0">
                  <properties>
                    <property name="retryIteration" value="0" />
                    <property name="repeatIteration" value="0" />
                  </properties>
                </test-case>
              </test-suite>
              <test-case id="1018" name="TeleportDiscardsDiscontinuousHistory" fullname="VRLearn.Tests.EditMode.AccidentRecordingTests.TeleportDiscardsDiscontinuousHistory" methodname="TeleportDiscardsDiscontinuousHistory" classname="VRLearn.Tests.EditMode.AccidentRecordingTests" runstate="Runnable" seed="1809314656" result="Passed" start-time="2026-09-08 08:57:24Z" end-time="2026-09-08 08:57:24Z" duration="0.000854" asserts="0">
                <properties>
                  <property name="retryIteration" value="0" />
                  <property name="repeatIteration" value="0" />
                </properties>
              </test-case>
            </test-suite>
            <test-suite type="TestFixture" id="1019" name="MetaSceneConfigurationTests" fullname="VRLearn.Tests.EditMode.MetaSceneConfigurationTests" classname="VRLearn.Tests.EditMode.MetaSceneConfigurationTests" runstate="Runnable" testcasecount="10" result="Passed" start-time="2026-09-08 08:57:24Z" end-time="2026-09-08 08:57:27Z" duration="3.616768" total="10" passed="10" failed="0" inconclusive="0" skipped="0" asserts="0">
              <properties />
              <test-case id="1021" name="BuildSettingsUseMetaTitleThenGameplay" fullname="VRLearn.Tests.EditMode.MetaSceneConfigurationTests.BuildSettingsUseMetaTitleThenGameplay" methodname="BuildSettingsUseMetaTitleThenGameplay" classname="VRLearn.Tests.EditMode.MetaSceneConfigurationTests" runstate="Runnable" seed="1308662420" result="Passed" start-time="2026-09-08 08:57:24Z" end-time="2026-09-08 08:57:24Z" duration="0.001951" asserts="0">
                <properties>
                  <property name="retryIteration" value="0" />
                  <property name="repeatIteration" value="0" />
                </properties>
              </test-case>
              <test-case id="1026" name="GameplaySceneHasCompleteScenarioVehicleAndRouteBindings" fullname="VRLearn.Tests.EditMode.MetaSceneConfigurationTests.GameplaySceneHasCompleteScenarioVehicleAndRouteBindings" methodname="GameplaySceneHasCompleteScenarioVehicleAndRouteBindings" classname="VRLearn.Tests.EditMode.MetaSceneConfigurationTests" runstate="Runnable" seed="498478277" result="Passed" start-time="2026-09-08 08:57:24Z" end-time="2026-09-08 08:57:26Z" duration="2.020157" asserts="0">
                <properties>
                  <property name="retryIteration" value="0" />
                  <property name="repeatIteration" value="0" />
                </properties>
              </test-case>
              <test-suite type="ParameterizedMethod" id="1025" name="MetaScenesHaveNoMissingScriptsOrDuplicateCoreObjects" fullname="VRLearn.Tests.EditMode.MetaSceneConfigurationTests.MetaScenesHaveNoMissingScriptsOrDuplicateCoreObjects" classname="VRLearn.Tests.EditMode.MetaSceneConfigurationTests" runstate="Runnable" testcasecount="2" result="Passed" start-time="2026-09-08 08:57:26Z" end-time="2026-09-08 08:57:27Z" duration="1.560996" total="2" passed="2" failed="0" inconclusive="0" skipped="0" asserts="0">
                <properties />
                <test-case id="1023" name="MetaScenesHaveNoMissingScriptsOrDuplicateCoreObjects(&quot;Assets/_Project/Scenes/TraficAcidentTitle_Meta.unity&quot;)" fullname="VRLearn.Tests.EditMode.MetaSceneConfigurationTests.MetaScenesHaveNoMissingScriptsOrDuplicateCoreObjects(&quot;Assets/_Project/Scenes/TraficAcidentTitle_Meta.unity&quot;)" methodname="MetaScenesHaveNoMissingScriptsOrDuplicateCoreObjects" classname="VRLearn.Tests.EditMode.MetaSceneConfigurationTests" runstate="Runnable" seed="1507921205" result="Passed" start-time="2026-09-08 08:57:26Z" end-time="2026-09-08 08:57:26Z" duration="0.683492" asserts="0">
                  <properties>
                    <property name="retryIteration" value="0" />
                    <property name="repeatIteration" value="0" />
                  </properties>
                </test-case>
                <test-case id="1024" name="MetaScenesHaveNoMissingScriptsOrDuplicateCoreObjects(&quot;Assets/_Project/Scenes/TraficAcident_Meta.unity&quot;)" fullname="VRLearn.Tests.EditMode.MetaSceneConfigurationTests.MetaScenesHaveNoMissingScriptsOrDuplicateCoreObjects(&quot;Assets/_Project/Scenes/TraficAcident_Meta.unity&quot;)" methodname="MetaScenesHaveNoMissingScriptsOrDuplicateCoreObjects" classname="VRLearn.Tests.EditMode.MetaSceneConfigurationTests" runstate="Runnable" seed="667956356" result="Passed" start-time="2026-09-08 08:57:26Z" end-time="2026-09-08 08:57:27Z" duration="0.829226" asserts="0">
                  <properties>
                    <property name="retryIteration" value="0" />
                    <property name="repeatIteration" value="0" />
                  </properties>
                </test-case>
              </test-suite>
              <test-case id="1022" name="ScenarioAssetsAreCompleteUniqueAndContinuous" fullname="VRLearn.Tests.EditMode.MetaSceneConfigurationTests.ScenarioAssetsAreCompleteUniqueAndContinuous" methodname="ScenarioAssetsAreCompleteUniqueAndContinuous" classname="VRLearn.Tests.EditMode.MetaSceneConfigurationTests" runstate="Runnable" seed="163010106" result="Passed" start-time="2026-09-08 08:57:27Z" end-time="2026-09-08 08:57:27Z" duration="0.004435" asserts="0">
                <properties>
                  <property name="retryIteration" value="0" />
                  <property name="repeatIteration" value="0" />
                </properties>
              </test-case>
              <test-case id="1020" name="VehiclePersonImpulseRespectsMassAndMomentum" fullname="VRLearn.Tests.EditMode.MetaSceneConfigurationTests.VehiclePersonImpulseRespectsMassAndMomentum" methodname="VehiclePersonImpulseRespectsMassAndMomentum" classname="VRLearn.Tests.EditMode.MetaSceneConfigurationTests" runstate="Runnable" seed="1559859633" result="Passed" start-time="2026-09-08 08:57:27Z" end-time="2026-09-08 08:57:27Z" duration="0.001684" asserts="0">
                <properties>
                  <property name="retryIteration" value="0" />
                  <property name="repeatIteration" value="0" />
                </properties>
              </test-case>
              <test-suite type="ParameterizedMethod" id="1031" name="VehiclePrefabsHaveControllerAndNoMissingScripts" fullname="VRLearn.Tests.EditMode.MetaSceneConfigurationTests.VehiclePrefabsHaveControllerAndNoMissingScripts" classname="VRLearn.Tests.EditMode.MetaSceneConfigurationTests" runstate="Runnable" testcasecount="4" result="Passed" start-time="2026-09-08 08:57:27Z" end-time="2026-09-08 08:57:27Z" duration="0.024494" total="4" passed="4" failed="0" inconclusive="0" skipped="0" asserts="0">
                <properties />
                <test-case id="1027" name="VehiclePrefabsHaveControllerAndNoMissingScripts(&quot;Car_EndlessGo&quot;)" fullname="VRLearn.Tests.EditMode.MetaSceneConfigurationTests.VehiclePrefabsHaveControllerAndNoMissingScripts(&quot;Car_EndlessGo&quot;)" methodname="VehiclePrefabsHaveControllerAndNoMissingScripts" classname="VRLearn.Tests.EditMode.MetaSceneConfigurationTests" runstate="Runnable" seed="1114900710" result="Passed" start-time="2026-09-08 08:57:27Z" end-time="2026-09-08 08:57:27Z" duration="0.001019" asserts="0">
                  <properties>
                    <property name="retryIteration" value="0" />
                    <property name="repeatIteration" value="0" />
                  </properties>
                </test-case>
                <test-case id="1028" name="VehiclePrefabsHaveControllerAndNoMissingScripts(&quot;Car_Left&quot;)" fullname="VRLearn.Tests.EditMode.MetaSceneConfigurationTests.VehiclePrefabsHaveControllerAndNoMissingScripts(&quot;Car_Left&quot;)" methodname="VehiclePrefabsHaveControllerAndNoMissingScripts" classname="VRLearn.Tests.EditMode.MetaSceneConfigurationTests" runstate="Runnable" seed="1067759057" result="Passed" start-time="2026-09-08 08:57:27Z" end-time="2026-09-08 08:57:27Z" duration="0.000424" asserts="0">
                  <properties>
                    <property name="retryIteration" value="0" />
                    <property name="repeatIteration" value="0" />
                  </properties>
                </test-case>
                <test-case id="1029" name="VehiclePrefabsHaveControllerAndNoMissingScripts(&quot;Car_Right&quot;)" fullname="VRLearn.Tests.EditMode.MetaSceneConfigurationTests.VehiclePrefabsHaveControllerAndNoMissingScripts(&quot;Car_Right&quot;)" methodname="VehiclePrefabsHaveControllerAndNoMissingScripts" classname="VRLearn.Tests.EditMode.MetaSceneConfigurationTests" runstate="Runnable" seed="378206057" result="Passed" start-time="2026-09-08 08:57:27Z" end-time="2026-09-08 08:57:27Z" duration="0.000390" asserts="0">
                  <properties>
                    <property name="retryIteration" value="0" />
                    <property name="repeatIteration" value="0" />
                  </properties>
                </test-case>
                <test-case id="1030" name="VehiclePrefabsHaveControllerAndNoMissingScripts(&quot;Car_SideHit&quot;)" fullname="VRLearn.Tests.EditMode.MetaSceneConfigurationTests.VehiclePrefabsHaveControllerAndNoMissingScripts(&quot;Car_SideHit&quot;)" methodname="VehiclePrefabsHaveControllerAndNoMissingScripts" classname="VRLearn.Tests.EditMode.MetaSceneConfigurationTests" runstate="Runnable" seed="264070860" result="Passed" start-time="2026-09-08 08:57:27Z" end-time="2026-09-08 08:57:27Z" duration="0.000416" asserts="0">
                  <properties>
                    <property name="retryIteration" value="0" />
                    <property name="repeatIteration" value="0" />
                  </properties>
                  <output><![CDATA[Saving results to: /Users/xinyu/Library/Application Support/DefaultCompany/VRLearn/TestResults.xml
]]></output>
                </test-case>
              </test-suite>
            </test-suite>
          </test-suite>
        </test-suite>
      </test-suite>
    </test-suite>
  </test-suite>
</test-run>